<?xml version="1.0" encoding="UTF-8"?>
<testsuite name="Web Automation Demo Site" tests="1" skipped="0" failures="0" errors="0" timestamp="2022-04-27T19:32:40" hostname="DESKTOP-PLD8QR8" time="23.976">
  <properties/>
  <testcase name="verificar que se carga la pantalla con texto Double Click on Edit Icon to EDIT the Table Row" classname="Web Automation Demo Site" time="23.976"/>
  <system-out><![CDATA[]]></system-out>
  <system-err><![CDATA[[Test worker] WARN net.thucydides.core.steps.BaseStepListener - stepStarted: net.thucydides.core.steps.ExecutedStepDescription@33a6d3e8
[Test worker] WARN net.thucydides.core.steps.BaseStepListener - stepStarted: net.thucydides.core.steps.ExecutedStepDescription@763b5671
[Test worker] WARN net.thucydides.core.steps.BaseStepListener - stepStarted: net.thucydides.core.steps.ExecutedStepDescription@4505e65f
abr 27, 2022 2:32:40 PM org.openqa.selenium.remote.DesiredCapabilities chrome
INFORMACIÓN: Using `new ChromeOptions()` is preferred to `DesiredCapabilities.chrome()`
[Test worker] INFO net.serenitybdd.core.webdriver.driverproviders.ProvideNewDriver - Instantiating driver
[Test worker] INFO net.serenitybdd.core.webdriver.driverproviders.ProvideNewDriver - Driver capabilities: Capabilities {acceptInsecureCerts: false, browserName: chrome, chrome.switches: --start-maximized, goog:chromeOptions: {args: [--start-maximized], extensions: []}, loggingPrefs: org.openqa.selenium.logging..., platform: ANY, version: }
Starting ChromeDriver 100.0.4896.60 (6a5d10861ce8de5fce22564658033b43cb7de047-refs/branch-heads/4896@{#875}) on port 39048
Only local connections are allowed.
Please see https://chromedriver.chromium.org/security-considerations for suggestions on keeping ChromeDriver safe.
ChromeDriver was started successfully.
abr 27, 2022 2:32:43 PM org.openqa.selenium.remote.ProtocolHandshake createSession
INFORMACIÓN: Detected dialect: W3C
[Test worker] WARN net.thucydides.core.steps.BaseStepListener - stepFinished: current outcome:verificar que se carga la pantalla con texto Double Click on Edit Icon to EDIT the Table Row:Example: {firt_name=Jhonatan, last_name=Paternina, address=Monteria, email_address=jhonatanpater@gmail.com, phone=3016238569, skills=PHP, country=Australia, year=1993, month=December, day=2, password=123456, confirm_password=123456, verify_text=Double Click on Edit Icon to EDIT the Table Row} [Given que Carlos quiere acceder a la Web Automation Demo Site [Jhonatan abrir navegador [Jhonatan opens the Abrir pagina demo site]]]
[Test worker] WARN net.thucydides.core.steps.BaseStepListener - stepFinished: current outcome:verificar que se carga la pantalla con texto Double Click on Edit Icon to EDIT the Table Row:Example: {firt_name=Jhonatan, last_name=Paternina, address=Monteria, email_address=jhonatanpater@gmail.com, phone=3016238569, skills=PHP, country=Australia, year=1993, month=December, day=2, password=123456, confirm_password=123456, verify_text=Double Click on Edit Icon to EDIT the Table Row} [Given que Carlos quiere acceder a la Web Automation Demo Site [Jhonatan abrir navegador [Jhonatan opens the Abrir pagina demo site]]]
[Test worker] WARN net.thucydides.core.steps.BaseStepListener - stepFinished: current outcome:verificar que se carga la pantalla con texto Double Click on Edit Icon to EDIT the Table Row:Example: {firt_name=Jhonatan, last_name=Paternina, address=Monteria, email_address=jhonatanpater@gmail.com, phone=3016238569, skills=PHP, country=Australia, year=1993, month=December, day=2, password=123456, confirm_password=123456, verify_text=Double Click on Edit Icon to EDIT the Table Row} [Given que Carlos quiere acceder a la Web Automation Demo Site [Jhonatan abrir navegador [Jhonatan opens the Abrir pagina demo site]]]
[Test worker] WARN net.thucydides.core.steps.BaseStepListener - stepStarted: net.thucydides.core.steps.ExecutedStepDescription@370f656
[Test worker] WARN net.thucydides.core.steps.BaseStepListener - stepStarted: net.thucydides.core.steps.ExecutedStepDescription@316881f4
[Test worker] WARN net.thucydides.core.steps.BaseStepListener - stepStarted: net.thucydides.core.steps.ExecutedStepDescription@41d9ef2c
[Test worker] WARN net.thucydides.core.steps.BaseStepListener - stepFinished: current outcome:verificar que se carga la pantalla con texto Double Click on Edit Icon to EDIT the Table Row:Example: {firt_name=Jhonatan, last_name=Paternina, address=Monteria, email_address=jhonatanpater@gmail.com, phone=3016238569, skills=PHP, country=Australia, year=1993, month=December, day=2, password=123456, confirm_password=123456, verify_text=Double Click on Edit Icon to EDIT the Table Row} [Given que Carlos quiere acceder a la Web Automation Demo Site [Jhonatan abrir navegador [Jhonatan opens the Abrir pagina demo site]], When el realiza el registro en la pagina
| firt_name | last_name | address | email_address | phone | skills | country | year | month | day | password | confirm_password |
| Jhonatan | Paternina | Monteria | jhonatanpater@gmail.com | 3016238569 | PHP | Australia | 1993 | December | 2 | 123456 | 123456 | [Jhonatan registro demo site [Jhonatan enters 'Jhonatan' into Ingreasr primer nombre]]]
[Test worker] WARN net.thucydides.core.steps.BaseStepListener - stepStarted: net.thucydides.core.steps.ExecutedStepDescription@2e0e27c0
[Test worker] WARN net.thucydides.core.steps.BaseStepListener - stepFinished: current outcome:verificar que se carga la pantalla con texto Double Click on Edit Icon to EDIT the Table Row:Example: {firt_name=Jhonatan, last_name=Paternina, address=Monteria, email_address=jhonatanpater@gmail.com, phone=3016238569, skills=PHP, country=Australia, year=1993, month=December, day=2, password=123456, confirm_password=123456, verify_text=Double Click on Edit Icon to EDIT the Table Row} [Given que Carlos quiere acceder a la Web Automation Demo Site [Jhonatan abrir navegador [Jhonatan opens the Abrir pagina demo site]], When el realiza el registro en la pagina
| firt_name | last_name | address | email_address | phone | skills | country | year | month | day | password | confirm_password |
| Jhonatan | Paternina | Monteria | jhonatanpater@gmail.com | 3016238569 | PHP | Australia | 1993 | December | 2 | 123456 | 123456 | [Jhonatan registro demo site [Jhonatan enters 'Jhonatan' into Ingreasr primer nombre, Jhonatan enters 'Paternina' into Ingresar Apellido]]]
[Test worker] WARN net.thucydides.core.steps.BaseStepListener - stepStarted: net.thucydides.core.steps.ExecutedStepDescription@6635bcec
[Test worker] WARN net.thucydides.core.steps.BaseStepListener - stepFinished: current outcome:verificar que se carga la pantalla con texto Double Click on Edit Icon to EDIT the Table Row:Example: {firt_name=Jhonatan, last_name=Paternina, address=Monteria, email_address=jhonatanpater@gmail.com, phone=3016238569, skills=PHP, country=Australia, year=1993, month=December, day=2, password=123456, confirm_password=123456, verify_text=Double Click on Edit Icon to EDIT the Table Row} [Given que Carlos quiere acceder a la Web Automation Demo Site [Jhonatan abrir navegador [Jhonatan opens the Abrir pagina demo site]], When el realiza el registro en la pagina
| firt_name | last_name | address | email_address | phone | skills | country | year | month | day | password | confirm_password |
| Jhonatan | Paternina | Monteria | jhonatanpater@gmail.com | 3016238569 | PHP | Australia | 1993 | December | 2 | 123456 | 123456 | [Jhonatan registro demo site [Jhonatan enters 'Jhonatan' into Ingreasr primer nombre, Jhonatan enters 'Paternina' into Ingresar Apellido, Jhonatan enters 'Monteria' into Ingresar la direccion]]]
[Test worker] WARN net.thucydides.core.steps.BaseStepListener - stepStarted: net.thucydides.core.steps.ExecutedStepDescription@309400d6
[Test worker] WARN net.thucydides.core.steps.BaseStepListener - stepFinished: current outcome:verificar que se carga la pantalla con texto Double Click on Edit Icon to EDIT the Table Row:Example: {firt_name=Jhonatan, last_name=Paternina, address=Monteria, email_address=jhonatanpater@gmail.com, phone=3016238569, skills=PHP, country=Australia, year=1993, month=December, day=2, password=123456, confirm_password=123456, verify_text=Double Click on Edit Icon to EDIT the Table Row} [Given que Carlos quiere acceder a la Web Automation Demo Site [Jhonatan abrir navegador [Jhonatan opens the Abrir pagina demo site]], When el realiza el registro en la pagina
| firt_name | last_name | address | email_address | phone | skills | country | year | month | day | password | confirm_password |
| Jhonatan | Paternina | Monteria | jhonatanpater@gmail.com | 3016238569 | PHP | Australia | 1993 | December | 2 | 123456 | 123456 | [Jhonatan registro demo site [Jhonatan enters 'Jhonatan' into Ingreasr primer nombre, Jhonatan enters 'Paternina' into Ingresar Apellido, Jhonatan enters 'Monteria' into Ingresar la direccion, Jhonatan enters 'jhonatanpater@gmail.com' into Ingresar direccion de email]]]
[Test worker] WARN net.thucydides.core.steps.BaseStepListener - stepStarted: net.thucydides.core.steps.ExecutedStepDescription@297d7e17
[Test worker] WARN net.thucydides.core.steps.BaseStepListener - stepFinished: current outcome:verificar que se carga la pantalla con texto Double Click on Edit Icon to EDIT the Table Row:Example: {firt_name=Jhonatan, last_name=Paternina, address=Monteria, email_address=jhonatanpater@gmail.com, phone=3016238569, skills=PHP, country=Australia, year=1993, month=December, day=2, password=123456, confirm_password=123456, verify_text=Double Click on Edit Icon to EDIT the Table Row} [Given que Carlos quiere acceder a la Web Automation Demo Site [Jhonatan abrir navegador [Jhonatan opens the Abrir pagina demo site]], When el realiza el registro en la pagina
| firt_name | last_name | address | email_address | phone | skills | country | year | month | day | password | confirm_password |
| Jhonatan | Paternina | Monteria | jhonatanpater@gmail.com | 3016238569 | PHP | Australia | 1993 | December | 2 | 123456 | 123456 | [Jhonatan registro demo site [Jhonatan enters 'Jhonatan' into Ingreasr primer nombre, Jhonatan enters 'Paternina' into Ingresar Apellido, Jhonatan enters 'Monteria' into Ingresar la direccion, Jhonatan enters 'jhonatanpater@gmail.com' into Ingresar direccion de email, Jhonatan enters '3016238569' into Ingresar numero de celular]]]
[Test worker] WARN net.thucydides.core.steps.BaseStepListener - stepStarted: net.thucydides.core.steps.ExecutedStepDescription@4fceaecf
[Test worker] WARN net.thucydides.core.steps.BaseStepListener - stepFinished: current outcome:verificar que se carga la pantalla con texto Double Click on Edit Icon to EDIT the Table Row:Example: {firt_name=Jhonatan, last_name=Paternina, address=Monteria, email_address=jhonatanpater@gmail.com, phone=3016238569, skills=PHP, country=Australia, year=1993, month=December, day=2, password=123456, confirm_password=123456, verify_text=Double Click on Edit Icon to EDIT the Table Row} [Given que Carlos quiere acceder a la Web Automation Demo Site [Jhonatan abrir navegador [Jhonatan opens the Abrir pagina demo site]], When el realiza el registro en la pagina
| firt_name | last_name | address | email_address | phone | skills | country | year | month | day | password | confirm_password |
| Jhonatan | Paternina | Monteria | jhonatanpater@gmail.com | 3016238569 | PHP | Australia | 1993 | December | 2 | 123456 | 123456 | [Jhonatan registro demo site [Jhonatan enters 'Jhonatan' into Ingreasr primer nombre, Jhonatan enters 'Paternina' into Ingresar Apellido, Jhonatan enters 'Monteria' into Ingresar la direccion, Jhonatan enters 'jhonatanpater@gmail.com' into Ingresar direccion de email, Jhonatan enters '3016238569' into Ingresar numero de celular, Jhonatan clicks on Seleccionar genero]]]
[Test worker] WARN net.thucydides.core.steps.BaseStepListener - stepStarted: net.thucydides.core.steps.ExecutedStepDescription@6c0886d5
[Test worker] WARN net.thucydides.core.steps.BaseStepListener - stepFinished: current outcome:verificar que se carga la pantalla con texto Double Click on Edit Icon to EDIT the Table Row:Example: {firt_name=Jhonatan, last_name=Paternina, address=Monteria, email_address=jhonatanpater@gmail.com, phone=3016238569, skills=PHP, country=Australia, year=1993, month=December, day=2, password=123456, confirm_password=123456, verify_text=Double Click on Edit Icon to EDIT the Table Row} [Given que Carlos quiere acceder a la Web Automation Demo Site [Jhonatan abrir navegador [Jhonatan opens the Abrir pagina demo site]], When el realiza el registro en la pagina
| firt_name | last_name | address | email_address | phone | skills | country | year | month | day | password | confirm_password |
| Jhonatan | Paternina | Monteria | jhonatanpater@gmail.com | 3016238569 | PHP | Australia | 1993 | December | 2 | 123456 | 123456 | [Jhonatan registro demo site [Jhonatan enters 'Jhonatan' into Ingreasr primer nombre, Jhonatan enters 'Paternina' into Ingresar Apellido, Jhonatan enters 'Monteria' into Ingresar la direccion, Jhonatan enters 'jhonatanpater@gmail.com' into Ingresar direccion de email, Jhonatan enters '3016238569' into Ingresar numero de celular, Jhonatan clicks on Seleccionar genero, Jhonatan clicks on Seleccionar hobbies]]]
[Test worker] WARN net.thucydides.core.steps.BaseStepListener - stepStarted: net.thucydides.core.steps.ExecutedStepDescription@5054ebd4
[Test worker] WARN net.thucydides.core.steps.BaseStepListener - stepFinished: current outcome:verificar que se carga la pantalla con texto Double Click on Edit Icon to EDIT the Table Row:Example: {firt_name=Jhonatan, last_name=Paternina, address=Monteria, email_address=jhonatanpater@gmail.com, phone=3016238569, skills=PHP, country=Australia, year=1993, month=December, day=2, password=123456, confirm_password=123456, verify_text=Double Click on Edit Icon to EDIT the Table Row} [Given que Carlos quiere acceder a la Web Automation Demo Site [Jhonatan abrir navegador [Jhonatan opens the Abrir pagina demo site]], When el realiza el registro en la pagina
| firt_name | last_name | address | email_address | phone | skills | country | year | month | day | password | confirm_password |
| Jhonatan | Paternina | Monteria | jhonatanpater@gmail.com | 3016238569 | PHP | Australia | 1993 | December | 2 | 123456 | 123456 | [Jhonatan registro demo site [Jhonatan enters 'Jhonatan' into Ingreasr primer nombre, Jhonatan enters 'Paternina' into Ingresar Apellido, Jhonatan enters 'Monteria' into Ingresar la direccion, Jhonatan enters 'jhonatanpater@gmail.com' into Ingresar direccion de email, Jhonatan enters '3016238569' into Ingresar numero de celular, Jhonatan clicks on Seleccionar genero, Jhonatan clicks on Seleccionar hobbies, Jhonatan clicks on Dar click al campo languages]]]
[Test worker] WARN net.thucydides.core.steps.BaseStepListener - stepStarted: net.thucydides.core.steps.ExecutedStepDescription@224ecc19
[Test worker] WARN net.thucydides.core.steps.BaseStepListener - stepFinished: current outcome:verificar que se carga la pantalla con texto Double Click on Edit Icon to EDIT the Table Row:Example: {firt_name=Jhonatan, last_name=Paternina, address=Monteria, email_address=jhonatanpater@gmail.com, phone=3016238569, skills=PHP, country=Australia, year=1993, month=December, day=2, password=123456, confirm_password=123456, verify_text=Double Click on Edit Icon to EDIT the Table Row} [Given que Carlos quiere acceder a la Web Automation Demo Site [Jhonatan abrir navegador [Jhonatan opens the Abrir pagina demo site]], When el realiza el registro en la pagina
| firt_name | last_name | address | email_address | phone | skills | country | year | month | day | password | confirm_password |
| Jhonatan | Paternina | Monteria | jhonatanpater@gmail.com | 3016238569 | PHP | Australia | 1993 | December | 2 | 123456 | 123456 | [Jhonatan registro demo site [Jhonatan enters 'Jhonatan' into Ingreasr primer nombre, Jhonatan enters 'Paternina' into Ingresar Apellido, Jhonatan enters 'Monteria' into Ingresar la direccion, Jhonatan enters 'jhonatanpater@gmail.com' into Ingresar direccion de email, Jhonatan enters '3016238569' into Ingresar numero de celular, Jhonatan clicks on Seleccionar genero, Jhonatan clicks on Seleccionar hobbies, Jhonatan clicks on Dar click al campo languages, Jhonatan clicks on Seleccionar idionma]]]
[Test worker] WARN net.thucydides.core.steps.BaseStepListener - stepStarted: net.thucydides.core.steps.ExecutedStepDescription@47572117
[Test worker] WARN net.thucydides.core.steps.BaseStepListener - stepFinished: current outcome:verificar que se carga la pantalla con texto Double Click on Edit Icon to EDIT the Table Row:Example: {firt_name=Jhonatan, last_name=Paternina, address=Monteria, email_address=jhonatanpater@gmail.com, phone=3016238569, skills=PHP, country=Australia, year=1993, month=December, day=2, password=123456, confirm_password=123456, verify_text=Double Click on Edit Icon to EDIT the Table Row} [Given que Carlos quiere acceder a la Web Automation Demo Site [Jhonatan abrir navegador [Jhonatan opens the Abrir pagina demo site]], When el realiza el registro en la pagina
| firt_name | last_name | address | email_address | phone | skills | country | year | month | day | password | confirm_password |
| Jhonatan | Paternina | Monteria | jhonatanpater@gmail.com | 3016238569 | PHP | Australia | 1993 | December | 2 | 123456 | 123456 | [Jhonatan registro demo site [Jhonatan enters 'Jhonatan' into Ingreasr primer nombre, Jhonatan enters 'Paternina' into Ingresar Apellido, Jhonatan enters 'Monteria' into Ingresar la direccion, Jhonatan enters 'jhonatanpater@gmail.com' into Ingresar direccion de email, Jhonatan enters '3016238569' into Ingresar numero de celular, Jhonatan clicks on Seleccionar genero, Jhonatan clicks on Seleccionar hobbies, Jhonatan clicks on Dar click al campo languages, Jhonatan clicks on Seleccionar idionma, Jhonatan select PHP on Seleccionar skills]]]
[Test worker] WARN net.thucydides.core.steps.BaseStepListener - stepStarted: net.thucydides.core.steps.ExecutedStepDescription@95b9ec
[Test worker] WARN net.thucydides.core.steps.BaseStepListener - stepFinished: current outcome:verificar que se carga la pantalla con texto Double Click on Edit Icon to EDIT the Table Row:Example: {firt_name=Jhonatan, last_name=Paternina, address=Monteria, email_address=jhonatanpater@gmail.com, phone=3016238569, skills=PHP, country=Australia, year=1993, month=December, day=2, password=123456, confirm_password=123456, verify_text=Double Click on Edit Icon to EDIT the Table Row} [Given que Carlos quiere acceder a la Web Automation Demo Site [Jhonatan abrir navegador [Jhonatan opens the Abrir pagina demo site]], When el realiza el registro en la pagina
| firt_name | last_name | address | email_address | phone | skills | country | year | month | day | password | confirm_password |
| Jhonatan | Paternina | Monteria | jhonatanpater@gmail.com | 3016238569 | PHP | Australia | 1993 | December | 2 | 123456 | 123456 | [Jhonatan registro demo site [Jhonatan enters 'Jhonatan' into Ingreasr primer nombre, Jhonatan enters 'Paternina' into Ingresar Apellido, Jhonatan enters 'Monteria' into Ingresar la direccion, Jhonatan enters 'jhonatanpater@gmail.com' into Ingresar direccion de email, Jhonatan enters '3016238569' into Ingresar numero de celular, Jhonatan clicks on Seleccionar genero, Jhonatan clicks on Seleccionar hobbies, Jhonatan clicks on Dar click al campo languages, Jhonatan clicks on Seleccionar idionma, Jhonatan select PHP on Seleccionar skills, Jhonatan clicks on Seleccionar pais]]]
[Test worker] WARN net.thucydides.core.steps.BaseStepListener - stepStarted: net.thucydides.core.steps.ExecutedStepDescription@6d487c34
[Test worker] WARN net.thucydides.core.steps.BaseStepListener - stepFinished: current outcome:verificar que se carga la pantalla con texto Double Click on Edit Icon to EDIT the Table Row:Example: {firt_name=Jhonatan, last_name=Paternina, address=Monteria, email_address=jhonatanpater@gmail.com, phone=3016238569, skills=PHP, country=Australia, year=1993, month=December, day=2, password=123456, confirm_password=123456, verify_text=Double Click on Edit Icon to EDIT the Table Row} [Given que Carlos quiere acceder a la Web Automation Demo Site [Jhonatan abrir navegador [Jhonatan opens the Abrir pagina demo site]], When el realiza el registro en la pagina
| firt_name | last_name | address | email_address | phone | skills | country | year | month | day | password | confirm_password |
| Jhonatan | Paternina | Monteria | jhonatanpater@gmail.com | 3016238569 | PHP | Australia | 1993 | December | 2 | 123456 | 123456 | [Jhonatan registro demo site [Jhonatan enters 'Jhonatan' into Ingreasr primer nombre, Jhonatan enters 'Paternina' into Ingresar Apellido, Jhonatan enters 'Monteria' into Ingresar la direccion, Jhonatan enters 'jhonatanpater@gmail.com' into Ingresar direccion de email, Jhonatan enters '3016238569' into Ingresar numero de celular, Jhonatan clicks on Seleccionar genero, Jhonatan clicks on Seleccionar hobbies, Jhonatan clicks on Dar click al campo languages, Jhonatan clicks on Seleccionar idionma, Jhonatan select PHP on Seleccionar skills, Jhonatan clicks on Seleccionar pais, Jhonatan enters 'Australia' then hits ARROW_DOWN and ENTER into Ingresar pais]]]
[Test worker] WARN net.thucydides.core.steps.BaseStepListener - stepStarted: net.thucydides.core.steps.ExecutedStepDescription@7c7cda6a
[Test worker] WARN net.thucydides.core.steps.BaseStepListener - stepFinished: current outcome:verificar que se carga la pantalla con texto Double Click on Edit Icon to EDIT the Table Row:Example: {firt_name=Jhonatan, last_name=Paternina, address=Monteria, email_address=jhonatanpater@gmail.com, phone=3016238569, skills=PHP, country=Australia, year=1993, month=December, day=2, password=123456, confirm_password=123456, verify_text=Double Click on Edit Icon to EDIT the Table Row} [Given que Carlos quiere acceder a la Web Automation Demo Site [Jhonatan abrir navegador [Jhonatan opens the Abrir pagina demo site]], When el realiza el registro en la pagina
| firt_name | last_name | address | email_address | phone | skills | country | year | month | day | password | confirm_password |
| Jhonatan | Paternina | Monteria | jhonatanpater@gmail.com | 3016238569 | PHP | Australia | 1993 | December | 2 | 123456 | 123456 | [Jhonatan registro demo site [Jhonatan enters 'Jhonatan' into Ingreasr primer nombre, Jhonatan enters 'Paternina' into Ingresar Apellido, Jhonatan enters 'Monteria' into Ingresar la direccion, Jhonatan enters 'jhonatanpater@gmail.com' into Ingresar direccion de email, Jhonatan enters '3016238569' into Ingresar numero de celular, Jhonatan clicks on Seleccionar genero, Jhonatan clicks on Seleccionar hobbies, Jhonatan clicks on Dar click al campo languages, Jhonatan clicks on Seleccionar idionma, Jhonatan select PHP on Seleccionar skills, Jhonatan clicks on Seleccionar pais, Jhonatan enters 'Australia' then hits ARROW_DOWN and ENTER into Ingresar pais, Jhonatan select 1993 on Seleccionar aÃ±o de nacimiento]]]
[Test worker] WARN net.thucydides.core.steps.BaseStepListener - stepStarted: net.thucydides.core.steps.ExecutedStepDescription@30b2029b
[Test worker] WARN net.thucydides.core.steps.BaseStepListener - stepFinished: current outcome:verificar que se carga la pantalla con texto Double Click on Edit Icon to EDIT the Table Row:Example: {firt_name=Jhonatan, last_name=Paternina, address=Monteria, email_address=jhonatanpater@gmail.com, phone=3016238569, skills=PHP, country=Australia, year=1993, month=December, day=2, password=123456, confirm_password=123456, verify_text=Double Click on Edit Icon to EDIT the Table Row} [Given que Carlos quiere acceder a la Web Automation Demo Site [Jhonatan abrir navegador [Jhonatan opens the Abrir pagina demo site]], When el realiza el registro en la pagina
| firt_name | last_name | address | email_address | phone | skills | country | year | month | day | password | confirm_password |
| Jhonatan | Paternina | Monteria | jhonatanpater@gmail.com | 3016238569 | PHP | Australia | 1993 | December | 2 | 123456 | 123456 | [Jhonatan registro demo site [Jhonatan enters 'Jhonatan' into Ingreasr primer nombre, Jhonatan enters 'Paternina' into Ingresar Apellido, Jhonatan enters 'Monteria' into Ingresar la direccion, Jhonatan enters 'jhonatanpater@gmail.com' into Ingresar direccion de email, Jhonatan enters '3016238569' into Ingresar numero de celular, Jhonatan clicks on Seleccionar genero, Jhonatan clicks on Seleccionar hobbies, Jhonatan clicks on Dar click al campo languages, Jhonatan clicks on Seleccionar idionma, Jhonatan select PHP on Seleccionar skills, Jhonatan clicks on Seleccionar pais, Jhonatan enters 'Australia' then hits ARROW_DOWN and ENTER into Ingresar pais, Jhonatan select 1993 on Seleccionar aÃ±o de nacimiento, Jhonatan select December on Seleccionar mes de nacimiento]]]
[Test worker] WARN net.thucydides.core.steps.BaseStepListener - stepStarted: net.thucydides.core.steps.ExecutedStepDescription@59c90d71
[Test worker] WARN net.thucydides.core.steps.BaseStepListener - stepFinished: current outcome:verificar que se carga la pantalla con texto Double Click on Edit Icon to EDIT the Table Row:Example: {firt_name=Jhonatan, last_name=Paternina, address=Monteria, email_address=jhonatanpater@gmail.com, phone=3016238569, skills=PHP, country=Australia, year=1993, month=December, day=2, password=123456, confirm_password=123456, verify_text=Double Click on Edit Icon to EDIT the Table Row} [Given que Carlos quiere acceder a la Web Automation Demo Site [Jhonatan abrir navegador [Jhonatan opens the Abrir pagina demo site]], When el realiza el registro en la pagina
| firt_name | last_name | address | email_address | phone | skills | country | year | month | day | password | confirm_password |
| Jhonatan | Paternina | Monteria | jhonatanpater@gmail.com | 3016238569 | PHP | Australia | 1993 | December | 2 | 123456 | 123456 | [Jhonatan registro demo site [Jhonatan enters 'Jhonatan' into Ingreasr primer nombre, Jhonatan enters 'Paternina' into Ingresar Apellido, Jhonatan enters 'Monteria' into Ingresar la direccion, Jhonatan enters 'jhonatanpater@gmail.com' into Ingresar direccion de email, Jhonatan enters '3016238569' into Ingresar numero de celular, Jhonatan clicks on Seleccionar genero, Jhonatan clicks on Seleccionar hobbies, Jhonatan clicks on Dar click al campo languages, Jhonatan clicks on Seleccionar idionma, Jhonatan select PHP on Seleccionar skills, Jhonatan clicks on Seleccionar pais, Jhonatan enters 'Australia' then hits ARROW_DOWN and ENTER into Ingresar pais, Jhonatan select 1993 on Seleccionar aÃ±o de nacimiento, Jhonatan select December on Seleccionar mes de nacimiento, Jhonatan select 2 on Seleccionar dia de nacimiento]]]
[Test worker] WARN net.thucydides.core.steps.BaseStepListener - stepStarted: net.thucydides.core.steps.ExecutedStepDescription@40cbb3d0
[Test worker] WARN net.thucydides.core.steps.BaseStepListener - stepFinished: current outcome:verificar que se carga la pantalla con texto Double Click on Edit Icon to EDIT the Table Row:Example: {firt_name=Jhonatan, last_name=Paternina, address=Monteria, email_address=jhonatanpater@gmail.com, phone=3016238569, skills=PHP, country=Australia, year=1993, month=December, day=2, password=123456, confirm_password=123456, verify_text=Double Click on Edit Icon to EDIT the Table Row} [Given que Carlos quiere acceder a la Web Automation Demo Site [Jhonatan abrir navegador [Jhonatan opens the Abrir pagina demo site]], When el realiza el registro en la pagina
| firt_name | last_name | address | email_address | phone | skills | country | year | month | day | password | confirm_password |
| Jhonatan | Paternina | Monteria | jhonatanpater@gmail.com | 3016238569 | PHP | Australia | 1993 | December | 2 | 123456 | 123456 | [Jhonatan registro demo site [Jhonatan enters 'Jhonatan' into Ingreasr primer nombre, Jhonatan enters 'Paternina' into Ingresar Apellido, Jhonatan enters 'Monteria' into Ingresar la direccion, Jhonatan enters 'jhonatanpater@gmail.com' into Ingresar direccion de email, Jhonatan enters '3016238569' into Ingresar numero de celular, Jhonatan clicks on Seleccionar genero, Jhonatan clicks on Seleccionar hobbies, Jhonatan clicks on Dar click al campo languages, Jhonatan clicks on Seleccionar idionma, Jhonatan select PHP on Seleccionar skills, Jhonatan clicks on Seleccionar pais, Jhonatan enters 'Australia' then hits ARROW_DOWN and ENTER into Ingresar pais, Jhonatan select 1993 on Seleccionar aÃ±o de nacimiento, Jhonatan select December on Seleccionar mes de nacimiento, Jhonatan select 2 on Seleccionar dia de nacimiento, Jhonatan enters '123456' into Ingresar el password]]]
[Test worker] WARN net.thucydides.core.steps.BaseStepListener - stepStarted: net.thucydides.core.steps.ExecutedStepDescription@23c636e8
[Test worker] WARN net.thucydides.core.steps.BaseStepListener - stepFinished: current outcome:verificar que se carga la pantalla con texto Double Click on Edit Icon to EDIT the Table Row:Example: {firt_name=Jhonatan, last_name=Paternina, address=Monteria, email_address=jhonatanpater@gmail.com, phone=3016238569, skills=PHP, country=Australia, year=1993, month=December, day=2, password=123456, confirm_password=123456, verify_text=Double Click on Edit Icon to EDIT the Table Row} [Given que Carlos quiere acceder a la Web Automation Demo Site [Jhonatan abrir navegador [Jhonatan opens the Abrir pagina demo site]], When el realiza el registro en la pagina
| firt_name | last_name | address | email_address | phone | skills | country | year | month | day | password | confirm_password |
| Jhonatan | Paternina | Monteria | jhonatanpater@gmail.com | 3016238569 | PHP | Australia | 1993 | December | 2 | 123456 | 123456 | [Jhonatan registro demo site [Jhonatan enters 'Jhonatan' into Ingreasr primer nombre, Jhonatan enters 'Paternina' into Ingresar Apellido, Jhonatan enters 'Monteria' into Ingresar la direccion, Jhonatan enters 'jhonatanpater@gmail.com' into Ingresar direccion de email, Jhonatan enters '3016238569' into Ingresar numero de celular, Jhonatan clicks on Seleccionar genero, Jhonatan clicks on Seleccionar hobbies, Jhonatan clicks on Dar click al campo languages, Jhonatan clicks on Seleccionar idionma, Jhonatan select PHP on Seleccionar skills, Jhonatan clicks on Seleccionar pais, Jhonatan enters 'Australia' then hits ARROW_DOWN and ENTER into Ingresar pais, Jhonatan select 1993 on Seleccionar aÃ±o de nacimiento, Jhonatan select December on Seleccionar mes de nacimiento, Jhonatan select 2 on Seleccionar dia de nacimiento, Jhonatan enters '123456' into Ingresar el password, Jhonatan enters '123456' into Ingresar la confirmacion del password]]]
[Test worker] WARN net.thucydides.core.steps.BaseStepListener - stepStarted: net.thucydides.core.steps.ExecutedStepDescription@397058f8
[Test worker] WARN net.thucydides.core.steps.BaseStepListener - stepFinished: current outcome:verificar que se carga la pantalla con texto Double Click on Edit Icon to EDIT the Table Row:Example: {firt_name=Jhonatan, last_name=Paternina, address=Monteria, email_address=jhonatanpater@gmail.com, phone=3016238569, skills=PHP, country=Australia, year=1993, month=December, day=2, password=123456, confirm_password=123456, verify_text=Double Click on Edit Icon to EDIT the Table Row} [Given que Carlos quiere acceder a la Web Automation Demo Site [Jhonatan abrir navegador [Jhonatan opens the Abrir pagina demo site]], When el realiza el registro en la pagina
| firt_name | last_name | address | email_address | phone | skills | country | year | month | day | password | confirm_password |
| Jhonatan | Paternina | Monteria | jhonatanpater@gmail.com | 3016238569 | PHP | Australia | 1993 | December | 2 | 123456 | 123456 | [Jhonatan registro demo site [Jhonatan enters 'Jhonatan' into Ingreasr primer nombre, Jhonatan enters 'Paternina' into Ingresar Apellido, Jhonatan enters 'Monteria' into Ingresar la direccion, Jhonatan enters 'jhonatanpater@gmail.com' into Ingresar direccion de email, Jhonatan enters '3016238569' into Ingresar numero de celular, Jhonatan clicks on Seleccionar genero, Jhonatan clicks on Seleccionar hobbies, Jhonatan clicks on Dar click al campo languages, Jhonatan clicks on Seleccionar idionma, Jhonatan select PHP on Seleccionar skills, Jhonatan clicks on Seleccionar pais, Jhonatan enters 'Australia' then hits ARROW_DOWN and ENTER into Ingresar pais, Jhonatan select 1993 on Seleccionar aÃ±o de nacimiento, Jhonatan select December on Seleccionar mes de nacimiento, Jhonatan select 2 on Seleccionar dia de nacimiento, Jhonatan enters '123456' into Ingresar el password, Jhonatan enters '123456' into Ingresar la confirmacion del password, Jhonatan clicks on Boton enviar registro]]]
[Test worker] WARN net.thucydides.core.steps.BaseStepListener - stepFinished: current outcome:verificar que se carga la pantalla con texto Double Click on Edit Icon to EDIT the Table Row:Example: {firt_name=Jhonatan, last_name=Paternina, address=Monteria, email_address=jhonatanpater@gmail.com, phone=3016238569, skills=PHP, country=Australia, year=1993, month=December, day=2, password=123456, confirm_password=123456, verify_text=Double Click on Edit Icon to EDIT the Table Row} [Given que Carlos quiere acceder a la Web Automation Demo Site [Jhonatan abrir navegador [Jhonatan opens the Abrir pagina demo site]], When el realiza el registro en la pagina
| firt_name | last_name | address | email_address | phone | skills | country | year | month | day | password | confirm_password |
| Jhonatan | Paternina | Monteria | jhonatanpater@gmail.com | 3016238569 | PHP | Australia | 1993 | December | 2 | 123456 | 123456 | [Jhonatan registro demo site [Jhonatan enters 'Jhonatan' into Ingreasr primer nombre, Jhonatan enters 'Paternina' into Ingresar Apellido, Jhonatan enters 'Monteria' into Ingresar la direccion, Jhonatan enters 'jhonatanpater@gmail.com' into Ingresar direccion de email, Jhonatan enters '3016238569' into Ingresar numero de celular, Jhonatan clicks on Seleccionar genero, Jhonatan clicks on Seleccionar hobbies, Jhonatan clicks on Dar click al campo languages, Jhonatan clicks on Seleccionar idionma, Jhonatan select PHP on Seleccionar skills, Jhonatan clicks on Seleccionar pais, Jhonatan enters 'Australia' then hits ARROW_DOWN and ENTER into Ingresar pais, Jhonatan select 1993 on Seleccionar aÃ±o de nacimiento, Jhonatan select December on Seleccionar mes de nacimiento, Jhonatan select 2 on Seleccionar dia de nacimiento, Jhonatan enters '123456' into Ingresar el password, Jhonatan enters '123456' into Ingresar la confirmacion del password, Jhonatan clicks on Boton enviar registro]]]
[Test worker] WARN net.thucydides.core.steps.BaseStepListener - stepFinished: current outcome:verificar que se carga la pantalla con texto Double Click on Edit Icon to EDIT the Table Row:Example: {firt_name=Jhonatan, last_name=Paternina, address=Monteria, email_address=jhonatanpater@gmail.com, phone=3016238569, skills=PHP, country=Australia, year=1993, month=December, day=2, password=123456, confirm_password=123456, verify_text=Double Click on Edit Icon to EDIT the Table Row} [Given que Carlos quiere acceder a la Web Automation Demo Site [Jhonatan abrir navegador [Jhonatan opens the Abrir pagina demo site]], When el realiza el registro en la pagina
| firt_name | last_name | address | email_address | phone | skills | country | year | month | day | password | confirm_password |
| Jhonatan | Paternina | Monteria | jhonatanpater@gmail.com | 3016238569 | PHP | Australia | 1993 | December | 2 | 123456 | 123456 | [Jhonatan registro demo site [Jhonatan enters 'Jhonatan' into Ingreasr primer nombre, Jhonatan enters 'Paternina' into Ingresar Apellido, Jhonatan enters 'Monteria' into Ingresar la direccion, Jhonatan enters 'jhonatanpater@gmail.com' into Ingresar direccion de email, Jhonatan enters '3016238569' into Ingresar numero de celular, Jhonatan clicks on Seleccionar genero, Jhonatan clicks on Seleccionar hobbies, Jhonatan clicks on Dar click al campo languages, Jhonatan clicks on Seleccionar idionma, Jhonatan select PHP on Seleccionar skills, Jhonatan clicks on Seleccionar pais, Jhonatan enters 'Australia' then hits ARROW_DOWN and ENTER into Ingresar pais, Jhonatan select 1993 on Seleccionar aÃ±o de nacimiento, Jhonatan select December on Seleccionar mes de nacimiento, Jhonatan select 2 on Seleccionar dia de nacimiento, Jhonatan enters '123456' into Ingresar el password, Jhonatan enters '123456' into Ingresar la confirmacion del password, Jhonatan clicks on Boton enviar registro]]]
[Test worker] WARN net.thucydides.core.steps.BaseStepListener - stepStarted: net.thucydides.core.steps.ExecutedStepDescription@7e402a0
[Test worker] WARN net.thucydides.core.steps.BaseStepListener - stepFinished: current outcome:verificar que se carga la pantalla con texto Double Click on Edit Icon to EDIT the Table Row:Example: {firt_name=Jhonatan, last_name=Paternina, address=Monteria, email_address=jhonatanpater@gmail.com, phone=3016238569, skills=PHP, country=Australia, year=1993, month=December, day=2, password=123456, confirm_password=123456, verify_text=Double Click on Edit Icon to EDIT the Table Row} [Given que Carlos quiere acceder a la Web Automation Demo Site [Jhonatan abrir navegador [Jhonatan opens the Abrir pagina demo site]], When el realiza el registro en la pagina
| firt_name | last_name | address | email_address | phone | skills | country | year | month | day | password | confirm_password |
| Jhonatan | Paternina | Monteria | jhonatanpater@gmail.com | 3016238569 | PHP | Australia | 1993 | December | 2 | 123456 | 123456 | [Jhonatan registro demo site [Jhonatan enters 'Jhonatan' into Ingreasr primer nombre, Jhonatan enters 'Paternina' into Ingresar Apellido, Jhonatan enters 'Monteria' into Ingresar la direccion, Jhonatan enters 'jhonatanpater@gmail.com' into Ingresar direccion de email, Jhonatan enters '3016238569' into Ingresar numero de celular, Jhonatan clicks on Seleccionar genero, Jhonatan clicks on Seleccionar hobbies, Jhonatan clicks on Dar click al campo languages, Jhonatan clicks on Seleccionar idionma, Jhonatan select PHP on Seleccionar skills, Jhonatan clicks on Seleccionar pais, Jhonatan enters 'Australia' then hits ARROW_DOWN and ENTER into Ingresar pais, Jhonatan select 1993 on Seleccionar aÃ±o de nacimiento, Jhonatan select December on Seleccionar mes de nacimiento, Jhonatan select 2 on Seleccionar dia de nacimiento, Jhonatan enters '123456' into Ingresar el password, Jhonatan enters '123456' into Ingresar la confirmacion del password, Jhonatan clicks on Boton enviar registro]], Then el verifica que se carga la pantalla con texto
| verify_text |
| Double Click on Edit Icon to EDIT the Table Row |]
[Test worker] WARN net.thucydides.core.steps.BaseStepListener - stepFinished: current outcome:verificar que se carga la pantalla con texto Double Click on Edit Icon to EDIT the Table Row:Example: {firt_name=Jhonatan, last_name=Paternina, address=Monteria, email_address=jhonatanpater@gmail.com, phone=3016238569, skills=PHP, country=Australia, year=1993, month=December, day=2, password=123456, confirm_password=123456, verify_text=Double Click on Edit Icon to EDIT the Table Row} [Given que Carlos quiere acceder a la Web Automation Demo Site [Jhonatan abrir navegador [Jhonatan opens the Abrir pagina demo site]], When el realiza el registro en la pagina
| firt_name | last_name | address | email_address | phone | skills | country | year | month | day | password | confirm_password |
| Jhonatan | Paternina | Monteria | jhonatanpater@gmail.com | 3016238569 | PHP | Australia | 1993 | December | 2 | 123456 | 123456 | [Jhonatan registro demo site [Jhonatan enters 'Jhonatan' into Ingreasr primer nombre, Jhonatan enters 'Paternina' into Ingresar Apellido, Jhonatan enters 'Monteria' into Ingresar la direccion, Jhonatan enters 'jhonatanpater@gmail.com' into Ingresar direccion de email, Jhonatan enters '3016238569' into Ingresar numero de celular, Jhonatan clicks on Seleccionar genero, Jhonatan clicks on Seleccionar hobbies, Jhonatan clicks on Dar click al campo languages, Jhonatan clicks on Seleccionar idionma, Jhonatan select PHP on Seleccionar skills, Jhonatan clicks on Seleccionar pais, Jhonatan enters 'Australia' then hits ARROW_DOWN and ENTER into Ingresar pais, Jhonatan select 1993 on Seleccionar aÃ±o de nacimiento, Jhonatan select December on Seleccionar mes de nacimiento, Jhonatan select 2 on Seleccionar dia de nacimiento, Jhonatan enters '123456' into Ingresar el password, Jhonatan enters '123456' into Ingresar la confirmacion del password, Jhonatan clicks on Boton enviar registro]], Then el verifica que se carga la pantalla con texto
| verify_text |
| Double Click on Edit Icon to EDIT the Table Row |]
[Test worker] WARN net.thucydides.core.steps.BaseStepListener - testFinished: verificar que se carga la pantalla con texto Double Click on Edit Icon to EDIT the Table Row:Example: {firt_name=Jhonatan, last_name=Paternina, address=Monteria, email_address=jhonatanpater@gmail.com, phone=3016238569, skills=PHP, country=Australia, year=1993, month=December, day=2, password=123456, confirm_password=123456, verify_text=Double Click on Edit Icon to EDIT the Table Row} [Given que Carlos quiere acceder a la Web Automation Demo Site [Jhonatan abrir navegador [Jhonatan opens the Abrir pagina demo site]], When el realiza el registro en la pagina
| firt_name | last_name | address | email_address | phone | skills | country | year | month | day | password | confirm_password |
| Jhonatan | Paternina | Monteria | jhonatanpater@gmail.com | 3016238569 | PHP | Australia | 1993 | December | 2 | 123456 | 123456 | [Jhonatan registro demo site [Jhonatan enters 'Jhonatan' into Ingreasr primer nombre, Jhonatan enters 'Paternina' into Ingresar Apellido, Jhonatan enters 'Monteria' into Ingresar la direccion, Jhonatan enters 'jhonatanpater@gmail.com' into Ingresar direccion de email, Jhonatan enters '3016238569' into Ingresar numero de celular, Jhonatan clicks on Seleccionar genero, Jhonatan clicks on Seleccionar hobbies, Jhonatan clicks on Dar click al campo languages, Jhonatan clicks on Seleccionar idionma, Jhonatan select PHP on Seleccionar skills, Jhonatan clicks on Seleccionar pais, Jhonatan enters 'Australia' then hits ARROW_DOWN and ENTER into Ingresar pais, Jhonatan select 1993 on Seleccionar aÃ±o de nacimiento, Jhonatan select December on Seleccionar mes de nacimiento, Jhonatan select 2 on Seleccionar dia de nacimiento, Jhonatan enters '123456' into Ingresar el password, Jhonatan enters '123456' into Ingresar la confirmacion del password, Jhonatan clicks on Boton enviar registro]], Then el verifica que se carga la pantalla con texto
| verify_text |
| Double Click on Edit Icon to EDIT the Table Row |]
[Test worker] WARN net.thucydides.core.steps.BaseStepListener - TestOutcomes: [verificar que se carga la pantalla con texto Double Click on Edit Icon to EDIT the Table Row:Example: {firt_name=Jhonatan, last_name=Paternina, address=Monteria, email_address=jhonatanpater@gmail.com, phone=3016238569, skills=PHP, country=Australia, year=1993, month=December, day=2, password=123456, confirm_password=123456, verify_text=Double Click on Edit Icon to EDIT the Table Row} [Given que Carlos quiere acceder a la Web Automation Demo Site [Jhonatan abrir navegador [Jhonatan opens the Abrir pagina demo site]], When el realiza el registro en la pagina
| firt_name | last_name | address | email_address | phone | skills | country | year | month | day | password | confirm_password |
| Jhonatan | Paternina | Monteria | jhonatanpater@gmail.com | 3016238569 | PHP | Australia | 1993 | December | 2 | 123456 | 123456 | [Jhonatan registro demo site [Jhonatan enters 'Jhonatan' into Ingreasr primer nombre, Jhonatan enters 'Paternina' into Ingresar Apellido, Jhonatan enters 'Monteria' into Ingresar la direccion, Jhonatan enters 'jhonatanpater@gmail.com' into Ingresar direccion de email, Jhonatan enters '3016238569' into Ingresar numero de celular, Jhonatan clicks on Seleccionar genero, Jhonatan clicks on Seleccionar hobbies, Jhonatan clicks on Dar click al campo languages, Jhonatan clicks on Seleccionar idionma, Jhonatan select PHP on Seleccionar skills, Jhonatan clicks on Seleccionar pais, Jhonatan enters 'Australia' then hits ARROW_DOWN and ENTER into Ingresar pais, Jhonatan select 1993 on Seleccionar aÃ±o de nacimiento, Jhonatan select December on Seleccionar mes de nacimiento, Jhonatan select 2 on Seleccionar dia de nacimiento, Jhonatan enters '123456' into Ingresar el password, Jhonatan enters '123456' into Ingresar la confirmacion del password, Jhonatan clicks on Boton enviar registro]], Then el verifica que se carga la pantalla con texto
| verify_text |
| Double Click on Edit Icon to EDIT the Table Row |]]
[Test worker] WARN net.thucydides.core.steps.BaseStepListener - Final testOutcomes: [verificar que se carga la pantalla con texto Double Click on Edit Icon to EDIT the Table Row:Example: {firt_name=Jhonatan, last_name=Paternina, address=Monteria, email_address=jhonatanpater@gmail.com, phone=3016238569, skills=PHP, country=Australia, year=1993, month=December, day=2, password=123456, confirm_password=123456, verify_text=Double Click on Edit Icon to EDIT the Table Row} [Given que Carlos quiere acceder a la Web Automation Demo Site [Jhonatan abrir navegador [Jhonatan opens the Abrir pagina demo site]], When el realiza el registro en la pagina
| firt_name | last_name | address | email_address | phone | skills | country | year | month | day | password | confirm_password |
| Jhonatan | Paternina | Monteria | jhonatanpater@gmail.com | 3016238569 | PHP | Australia | 1993 | December | 2 | 123456 | 123456 | [Jhonatan registro demo site [Jhonatan enters 'Jhonatan' into Ingreasr primer nombre, Jhonatan enters 'Paternina' into Ingresar Apellido, Jhonatan enters 'Monteria' into Ingresar la direccion, Jhonatan enters 'jhonatanpater@gmail.com' into Ingresar direccion de email, Jhonatan enters '3016238569' into Ingresar numero de celular, Jhonatan clicks on Seleccionar genero, Jhonatan clicks on Seleccionar hobbies, Jhonatan clicks on Dar click al campo languages, Jhonatan clicks on Seleccionar idionma, Jhonatan select PHP on Seleccionar skills, Jhonatan clicks on Seleccionar pais, Jhonatan enters 'Australia' then hits ARROW_DOWN and ENTER into Ingresar pais, Jhonatan select 1993 on Seleccionar aÃ±o de nacimiento, Jhonatan select December on Seleccionar mes de nacimiento, Jhonatan select 2 on Seleccionar dia de nacimiento, Jhonatan enters '123456' into Ingresar el password, Jhonatan enters '123456' into Ingresar la confirmacion del password, Jhonatan clicks on Boton enviar registro]], Then el verifica que se carga la pantalla con texto
| verify_text |
| Double Click on Edit Icon to EDIT the Table Row |]]
[Test worker] INFO net.thucydides.core.steps.ConsoleLoggingListener - 
        __    _____ _____ ____ _____   ____   _    ____  ____  _____ ____  
  _     \ \  |_   _| ____/ ___|_   _| |  _ \ / \  / ___|/ ___|| ____|  _ \ 
 (_)_____| |   | | |  _| \___ \ | |   | |_) / _ \ \___ \\___ \|  _| | | | |
  _|_____| |   | | | |___ ___) || |   |  __/ ___ \ ___) |___) | |___| |_| |
 (_)     | |   |_| |_____|____/ |_|   |_| /_/   \_\____/|____/|_____|____/ 
        /_/                                                                

TEST PASSED: verificar que se carga la pantalla con texto Double Click on Edit Icon to EDIT the Table Row
----------------------------------------------------------------------------
]]></system-err>
</testsuite>
